[debug] [2023-07-02T09:25:34.552Z] ----------------------------------------------------------------------
[debug] [2023-07-02T09:25:34.554Z] Command:       E:\Codes\nodejs\node.exe C:\Users\he\AppData\Roaming\npm\node_modules\firebase-tools\lib\bin\firebase.js init
[debug] [2023-07-02T09:25:34.554Z] CLI Version:   12.4.2
[debug] [2023-07-02T09:25:34.554Z] Platform:      win32
[debug] [2023-07-02T09:25:34.555Z] Node Version:  v18.14.0
[debug] [2023-07-02T09:25:34.555Z] Time:          Sun Jul 02 2023 17:25:34 GMT+0800 (香港标准时间)
[debug] [2023-07-02T09:25:34.555Z] ----------------------------------------------------------------------
[debug] 
[debug] [2023-07-02T09:25:34.567Z] >>> [apiv2][query] GET https://firebase-public.firebaseio.com/cli.json [none]
[debug] [2023-07-02T09:25:34.611Z] > command requires scopes: ["email","openid","https://www.googleapis.com/auth/cloudplatformprojects.readonly","https://www.googleapis.com/auth/firebase","https://www.googleapis.com/auth/cloud-platform"]
[debug] [2023-07-02T09:25:34.612Z] > authorizing via signed-in user (betawuhao@gmail.com)
[info] 
     ######## #### ########  ######## ########     ###     ######  ########
     ##        ##  ##     ## ##       ##     ##  ##   ##  ##       ##
     ######    ##  ########  ######   ########  #########  ######  ######
     ##        ##  ##    ##  ##       ##     ## ##     ##       ## ##
     ##       #### ##     ## ######## ########  ##     ##  ######  ########

You're about to initialize a Firebase project in this directory:

  C:\Users\he\projects\free-games-firebase

[debug] [2023-07-02T09:25:35.124Z] <<< [apiv2][status] GET https://firebase-public.firebaseio.com/cli.json 200
[debug] [2023-07-02T09:25:35.125Z] <<< [apiv2][body] GET https://firebase-public.firebaseio.com/cli.json {"cloudBuildErrorAfter":1594252800000,"cloudBuildWarnAfter":1590019200000,"defaultNode10After":1594252800000,"minVersion":"3.0.5","node8DeploysDisabledAfter":1613390400000,"node8RuntimeDisabledAfter":1615809600000,"node8WarnAfter":1600128000000}
